::1 - - [24/Dec/2021:23:25:49 +0000] "GET /api/contacts HTTP/1.1" 500 54 "-" "PostmanRuntime/7.28.4"
::1 - - [24/Dec/2021:23:30:29 +0000] "GET /api/contacts HTTP/1.1" 500 54 "-" "PostmanRuntime/7.28.4"
::1 - - [24/Dec/2021:23:57:13 +0000] "GET /api/contacts HTTP/1.1" 500 54 "-" "PostmanRuntime/7.28.4"
::1 - - [25/Dec/2021:00:03:03 +0000] "GET /api/contacts/61c39363434ab82399d322b2 HTTP/1.1" 500 58 "-" "PostmanRuntime/7.28.4"
::1 - - [25/Dec/2021:00:08:29 +0000] "GET /api/contacts/61c39363434ab82399d322b2 HTTP/1.1" 500 58 "-" "PostmanRuntime/7.28.4"
::1 - - [25/Dec/2021:00:20:03 +0000] "GET /api/contacts HTTP/1.1" 500 54 "-" "PostmanRuntime/7.28.4"
::ffff:127.0.0.1 - - [25/Dec/2021:00:24:14 +0000] "GET /api/contacts HTTP/1.1" 500 54 "-" "PostmanRuntime/7.28.4"
::1 - - [25/Dec/2021:00:31:39 +0000] "GET /api/contacts HTTP/1.1" 500 54 "-" "PostmanRuntime/7.28.4"
::1 - - [25/Dec/2021:00:34:49 +0000] "GET /api/contacts HTTP/1.1" 500 54 "-" "PostmanRuntime/7.28.4"
::1 - - [25/Dec/2021:00:37:59 +0000] "GET /api/contacts HTTP/1.1" 500 44 "-" "PostmanRuntime/7.28.4"
::1 - - [25/Dec/2021:00:39:06 +0000] "GET /api/contacts HTTP/1.1" 500 44 "-" "PostmanRuntime/7.28.4"
::1 - - [25/Dec/2021:00:41:33 +0000] "GET /api/contacts HTTP/1.1" 200 1332 "-" "PostmanRuntime/7.28.4"
::1 - - [25/Dec/2021:00:43:49 +0000] "GET /api/contacts/61c39363434ab82399d322b4 HTTP/1.1" 200 138 "-" "PostmanRuntime/7.28.4"
::1 - - [25/Dec/2021:00:46:33 +0000] "POST /api/contacts HTTP/1.1" 400 41 "-" "PostmanRuntime/7.28.4"
::1 - - [25/Dec/2021:00:51:19 +0000] "POST /api/contacts HTTP/1.1" 400 41 "-" "PostmanRuntime/7.28.4"
::1 - - [25/Dec/2021:00:52:18 +0000] "GET /api/contacts HTTP/1.1" 200 1332 "-" "PostmanRuntime/7.28.4"
::1 - - [25/Dec/2021:00:55:49 +0000] "POST /api/contacts HTTP/1.1" 201 214 "-" "PostmanRuntime/7.28.4"
::1 - - [25/Dec/2021:00:57:53 +0000] "PUT /api/contacts/61c66c1510e8d15912f05972 HTTP/1.1" 500 204 "-" "PostmanRuntime/7.28.4"
::1 - - [25/Dec/2021:01:08:27 +0000] "PUT /api/contacts/61c66c1510e8d15912f05972 HTTP/1.1" 500 38 "-" "PostmanRuntime/7.28.4"
::1 - - [25/Dec/2021:01:08:57 +0000] "PUT /api/contacts/61c66c1510e8d15912f05972 HTTP/1.1" 500 211 "-" "PostmanRuntime/7.28.4"
::1 - - [25/Dec/2021:01:11:55 +0000] "PUT /api/contacts/61c66c1510e8d15912f05972 HTTP/1.1" 404 23 "-" "PostmanRuntime/7.28.4"
::1 - - [25/Dec/2021:01:12:58 +0000] "PUT /api/contacts/61c66c1510e8d15912f05972 HTTP/1.1" 404 23 "-" "PostmanRuntime/7.28.4"
::1 - - [25/Dec/2021:01:13:14 +0000] "GET /api/contacts/61c66c1510e8d15912f05972 HTTP/1.1" 200 214 "-" "PostmanRuntime/7.28.4"
::1 - - [25/Dec/2021:01:15:39 +0000] "PUT /api/contacts/61c66c1510e8d15912f05972 HTTP/1.1" 200 210 "-" "PostmanRuntime/7.28.4"
::1 - - [25/Dec/2021:01:17:49 +0000] "PATCH /api/contacts/61c66c1510e8d15912f05972 HTTP/1.1" 404 23 "-" "PostmanRuntime/7.28.4"
::1 - - [25/Dec/2021:01:18:27 +0000] "PATCH /api/contacts/61c66c1510e8d15912f05972 HTTP/1.1" 404 23 "-" "PostmanRuntime/7.28.4"
::1 - - [25/Dec/2021:01:18:44 +0000] "PATCH /api/contacts/61c66c1510e8d15912f05972 HTTP/1.1" 404 23 "-" "PostmanRuntime/7.28.4"
::1 - - [25/Dec/2021:01:20:02 +0000] "PATCH /api/contacts/61c66c1510e8d15912f05972 HTTP/1.1" 404 23 "-" "PostmanRuntime/7.28.4"
::1 - - [25/Dec/2021:01:23:18 +0000] "PATCH /api/contacts/61c66c1510e8d15912f05972/favorite HTTP/1.1" 200 209 "-" "PostmanRuntime/7.28.4"
::1 - - [25/Dec/2021:01:23:32 +0000] "PATCH /api/contacts/61c66c1510e8d15912f05972/favorite HTTP/1.1" 200 210 "-" "PostmanRuntime/7.28.4"
::1 - - [25/Dec/2021:01:24:13 +0000] "DELETE /api/contacts/61c66c1510e8d15912f05972 HTTP/1.1" 200 29 "-" "PostmanRuntime/7.28.4"
::1 - - [25/Dec/2021:01:28:28 +0000] "PATCH /api/contacts/61c39363434ab82399d322b8/favorite HTTP/1.1" 200 171 "-" "PostmanRuntime/7.28.4"
::1 - - [25/Dec/2021:01:29:58 +0000] "PATCH /api/contacts/61c39363434ab82399d322b8/favorite HTTP/1.1" 200 171 "-" "PostmanRuntime/7.28.4"
::1 - - [25/Dec/2021:01:31:02 +0000] "PATCH /api/contacts/61c39363434ab82399d322b8/favorite HTTP/1.1" 200 172 "-" "PostmanRuntime/7.28.4"
::1 - - [25/Dec/2021:01:31:30 +0000] "PATCH /api/contacts/61c39363434ab82399d322b8/favorite HTTP/1.1" 200 172 "-" "PostmanRuntime/7.28.4"
::1 - - [25/Dec/2021:01:36:42 +0000] "PATCH /api/contacts/61c39363434ab82399d322b8/favorite HTTP/1.1" 500 59 "-" "PostmanRuntime/7.28.4"
::1 - - [25/Dec/2021:01:42:57 +0000] "PATCH /api/contacts/61c39363434ab82399d322b8/favorite HTTP/1.1" 200 172 "-" "PostmanRuntime/7.28.4"
::ffff:127.0.0.1 - - [25/Dec/2021:01:45:31 +0000] "PATCH /api/contacts/61c39363434ab82399d322b8/favorite HTTP/1.1" 400 36 "-" "PostmanRuntime/7.28.4"
::1 - - [25/Dec/2021:01:46:45 +0000] "PATCH /api/contacts/61c39363434ab82399d322b8/favorite HTTP/1.1" 200 171 "-" "PostmanRuntime/7.28.4"
::1 - - [25/Dec/2021:01:47:59 +0000] "PATCH /api/contacts/61c39363434ab82399d322b/favorite HTTP/1.1" 500 127 "-" "PostmanRuntime/7.28.4"
::1 - - [25/Dec/2021:01:49:58 +0000] "PATCH /api/contacts/61c39363434ab82399d322b8/favorite HTTP/1.1" 400 36 "-" "PostmanRuntime/7.28.4"
::1 - - [25/Dec/2021:01:50:22 +0000] "PATCH /api/contacts/61c39363434ab82399d322b8/favorite HTTP/1.1" 200 171 "-" "PostmanRuntime/7.28.4"
::1 - - [25/Dec/2021:01:50:57 +0000] "PATCH /api/contacts/61c39363434ab82399d322b8/favorite HTTP/1.1" 400 36 "-" "PostmanRuntime/7.28.4"
::1 - - [25/Dec/2021:01:51:19 +0000] "PATCH /api/contacts/61c39363434ab82399d322b8/favorite HTTP/1.1" 400 36 "-" "PostmanRuntime/7.28.4"
::1 - - [25/Dec/2021:01:51:33 +0000] "PATCH /api/contacts/61c39363434ab82399d322b8/favorite HTTP/1.1" 200 171 "-" "PostmanRuntime/7.28.4"
::1 - - [25/Dec/2021:01:51:43 +0000] "PATCH /api/contacts/61c39363434ab82399d322b8/favorite HTTP/1.1" 400 36 "-" "PostmanRuntime/7.28.4"
::ffff:127.0.0.1 - - [25/Dec/2021:01:53:12 +0000] "PATCH /api/contacts/61c39363434ab82399d322b8/favorite HTTP/1.1" 400 36 "-" "PostmanRuntime/7.28.4"
::ffff:127.0.0.1 - - [25/Dec/2021:01:54:02 +0000] "PATCH /api/contacts/61c39363434ab82399d322b8/favorite HTTP/1.1" 400 36 "-" "PostmanRuntime/7.28.4"
::1 - - [25/Dec/2021:01:56:11 +0000] "PATCH /api/contacts/61c39363434ab82399d322b8/favorite HTTP/1.1" 400 36 "-" "PostmanRuntime/7.28.4"
::1 - - [25/Dec/2021:01:56:55 +0000] "PATCH /api/contacts/61c39363434ab82399d322b8/favorite HTTP/1.1" 200 172 "-" "PostmanRuntime/7.28.4"
::1 - - [25/Dec/2021:01:57:22 +0000] "PATCH /api/contacts/61c39363434ab82399d322b8/favorite HTTP/1.1" 200 172 "-" "PostmanRuntime/7.28.4"
::1 - - [25/Dec/2021:01:57:47 +0000] "PATCH /api/contacts/61c39363434ab82399d322b8/favorite HTTP/1.1" 400 36 "-" "PostmanRuntime/7.28.4"
::1 - - [25/Dec/2021:01:58:30 +0000] "PATCH /api/contacts/61c39363434ab82399d322b8/favorite HTTP/1.1" 200 171 "-" "PostmanRuntime/7.28.4"
::1 - - [25/Dec/2021:01:58:40 +0000] "PATCH /api/contacts/61c39363434ab82399d322b8/favorite HTTP/1.1" 200 172 "-" "PostmanRuntime/7.28.4"
::1 - - [25/Dec/2021:02:01:55 +0000] "PATCH /api/contacts/61c39363434ab82399d322b9/favorite HTTP/1.1" 200 171 "-" "PostmanRuntime/7.28.4"
::1 - - [25/Dec/2021:02:02:32 +0000] "PATCH /api/contacts/61c39363434ab82399d322b30/favorite HTTP/1.1" 500 129 "-" "PostmanRuntime/7.28.4"
::1 - - [25/Dec/2021:02:03:34 +0000] "PATCH /api/contacts/61c39363434ab82399d322b30/favorite HTTP/1.1" 404 129 "-" "PostmanRuntime/7.28.4"
::1 - - [25/Dec/2021:02:08:22 +0000] "PATCH /api/contacts/61c39363434ab82399d322b30/favorite HTTP/1.1" 404 129 "-" "PostmanRuntime/7.28.4"
::1 - - [25/Dec/2021:02:09:58 +0000] "PATCH /api/contacts/61c39363434ab82399d322b2/favorite HTTP/1.1" 200 173 "-" "PostmanRuntime/7.28.4"
::1 - - [25/Dec/2021:02:12:35 +0000] "PATCH /api/contacts/61c39363434ab82399d322b/favorite HTTP/1.1" 500 127 "-" "PostmanRuntime/7.28.4"
::1 - - [25/Dec/2021:02:13:53 +0000] "PATCH /api/contacts/61c39363434ab82399d322b/favorite HTTP/1.1" 404 127 "-" "PostmanRuntime/7.28.4"
::1 - - [25/Dec/2021:02:14:57 +0000] "PATCH /api/contacts/61c39363434ab82399d322b/favorite HTTP/1.1" 500 127 "-" "PostmanRuntime/7.28.4"
::1 - - [25/Dec/2021:02:17:28 +0000] "GET /api/contacts/61c39363434ab82399d322b2 HTTP/1.1" 200 173 "-" "PostmanRuntime/7.28.4"
::1 - - [25/Dec/2021:02:17:35 +0000] "GET /api/contacts/61c39363434ab82399d322b HTTP/1.1" 404 127 "-" "PostmanRuntime/7.28.4"
::1 - - [25/Dec/2021:02:20:33 +0000] "GET /api/contacts/61c39363434ab82399d322b HTTP/1.1" 404 127 "-" "PostmanRuntime/7.28.4"
::1 - - [25/Dec/2021:02:24:34 +0000] "GET /api/contacts/61c39363434ab82399d322b HTTP/1.1" 404 23 "-" "PostmanRuntime/7.28.4"
::1 - - [25/Dec/2021:02:24:48 +0000] "GET /api/contacts/61c39363434ab82399d322b HTTP/1.1" 404 23 "-" "PostmanRuntime/7.28.4"
::1 - - [25/Dec/2021:02:25:00 +0000] "GET /api/contacts/61c39363434ab82399d322b2 HTTP/1.1" 200 173 "-" "PostmanRuntime/7.28.4"
::1 - - [25/Dec/2021:02:25:58 +0000] "GET /api/contacts/61c39363434ab82399d322b HTTP/1.1" 404 23 "-" "PostmanRuntime/7.28.4"
::1 - - [25/Dec/2021:02:26:04 +0000] "GET /api/contacts/61c39363434ab82399d322b2 HTTP/1.1" 200 173 "-" "PostmanRuntime/7.28.4"
::1 - - [25/Dec/2021:02:26:18 +0000] "GET /api/contacts/55 HTTP/1.1" 404 23 "-" "PostmanRuntime/7.28.4"
::1 - - [25/Dec/2021:02:28:15 +0000] "GET /api/contacts/55 HTTP/1.1" 500 106 "-" "PostmanRuntime/7.28.4"
::1 - - [25/Dec/2021:02:29:57 +0000] "GET /api/contacts/55 HTTP/1.1" 404 23 "-" "PostmanRuntime/7.28.4"
::1 - - [25/Dec/2021:02:35:07 +0000] "GET /api/contacts HTTP/1.1" 200 1449 "-" "PostmanRuntime/7.28.4"
::1 - - [25/Dec/2021:02:36:19 +0000] "POST /api/contacts HTTP/1.1" 400 41 "-" "PostmanRuntime/7.28.4"
::1 - - [25/Dec/2021:02:38:06 +0000] "POST /api/contacts HTTP/1.1" 400 41 "-" "PostmanRuntime/7.28.4"
::1 - - [25/Dec/2021:02:39:33 +0000] "POST /api/contacts HTTP/1.1" 400 41 "-" "PostmanRuntime/7.28.4"
::1 - - [25/Dec/2021:02:41:01 +0000] "POST /api/contacts HTTP/1.1" 400 41 "-" "PostmanRuntime/7.28.4"
::1 - - [25/Dec/2021:02:42:37 +0000] "POST /api/contacts HTTP/1.1" 400 41 "-" "PostmanRuntime/7.28.4"
::1 - - [25/Dec/2021:02:44:09 +0000] "POST /api/contacts HTTP/1.1" 201 211 "-" "PostmanRuntime/7.28.4"
::1 - - [25/Dec/2021:02:45:03 +0000] "POST /api/contacts HTTP/1.1" 201 211 "-" "PostmanRuntime/7.28.4"
::1 - - [25/Dec/2021:02:45:54 +0000] "DELETE /api/contacts/61c685af17c0e762bf6395f HTTP/1.1" 500 127 "-" "PostmanRuntime/7.28.4"
::1 - - [25/Dec/2021:02:46:40 +0000] "DELETE /api/contacts/61c685af17c0e762bf6395f HTTP/1.1" 404 23 "-" "PostmanRuntime/7.28.4"
::1 - - [25/Dec/2021:02:47:00 +0000] "DELETE /api/contacts/55 HTTP/1.1" 404 23 "-" "PostmanRuntime/7.28.4"
::1 - - [25/Dec/2021:02:47:04 +0000] "DELETE /api/contacts/61c685af17c0e762bf6395f2 HTTP/1.1" 200 29 "-" "PostmanRuntime/7.28.4"
::1 - - [25/Dec/2021:02:48:48 +0000] "PUT /api/contacts/61c68578f24c4d6dcd53049a HTTP/1.1" 200 211 "-" "PostmanRuntime/7.28.4"
::1 - - [25/Dec/2021:02:49:09 +0000] "PUT /api/contacts/61c68578f24c4d6dcd53049 HTTP/1.1" 404 23 "-" "PostmanRuntime/7.28.4"
::1 - - [25/Dec/2021:02:49:57 +0000] "PUT /api/contacts/61c68578f24c4d6dcd53049a HTTP/1.1" 200 212 "-" "PostmanRuntime/7.28.4"
::1 - - [25/Dec/2021:02:52:37 +0000] "PUT /api/contacts/61c68578f24c4d6dcd53049a HTTP/1.1" 400 30 "-" "PostmanRuntime/7.28.4"
::1 - - [25/Dec/2021:02:52:53 +0000] "PUT /api/contacts/61c68578f24c4d6dcd53049a HTTP/1.1" 200 214 "-" "PostmanRuntime/7.28.4"
::1 - - [25/Dec/2021:02:54:02 +0000] "PATCH /api/contacts/61c68578f24c4d6dcd53049a HTTP/1.1" 404 23 "-" "PostmanRuntime/7.28.4"
::1 - - [25/Dec/2021:02:54:44 +0000] "PATCH /api/contacts/61c68578f24c4d6dcd53049a/favorite HTTP/1.1" 200 215 "-" "PostmanRuntime/7.28.4"
::1 - - [25/Dec/2021:02:55:12 +0000] "PATCH /api/contacts/61c68578f24c4d6dcd53049a/favorite HTTP/1.1" 400 36 "-" "PostmanRuntime/7.28.4"
::1 - - [25/Dec/2021:02:55:24 +0000] "PATCH /api/contacts/61c68578f24c4d6dcd53049a/favorite HTTP/1.1" 200 215 "-" "PostmanRuntime/7.28.4"
::1 - - [25/Dec/2021:02:57:11 +0000] "PATCH /api/contacts/61c68578f24c4d6dcd53049/favorite HTTP/1.1" 404 23 "-" "PostmanRuntime/7.28.4"
::1 - - [25/Dec/2021:02:57:18 +0000] "PATCH /api/contacts/61c68578f24c4d6dcd53049a/favorite HTTP/1.1" 200 214 "-" "PostmanRuntime/7.28.4"
::1 - - [25/Dec/2021:02:57:31 +0000] "DELETE /api/contacts/61c68578f24c4d6dcd53049a HTTP/1.1" 200 29 "-" "PostmanRuntime/7.28.4"
::1 - - [01/Jan/2022:20:33:38 +0000] "GET /api/contacts HTTP/1.1" 200 1449 "-" "PostmanRuntime/7.28.4"
